00:06:59 Trying to acquire locks for scrafi
00:20:29 Trying to acquire locks for scrafi
00:33:59 Trying to acquire locks for scrafi
00:47:29 Trying to acquire locks for scrafi
01:01:00 Trying to acquire locks for scrafi
01:14:30 Trying to acquire locks for scrafi
01:28:00 Trying to acquire locks for scrafi
01:41:30 Trying to acquire locks for scrafi
01:55:00 Trying to acquire locks for scrafi
02:08:30 Trying to acquire locks for scrafi
02:22:00 Trying to acquire locks for scrafi
02:35:30 Trying to acquire locks for scrafi
02:49:00 Trying to acquire locks for scrafi
03:02:30 Trying to acquire locks for scrafi
03:16:01 Trying to acquire locks for scrafi
03:29:31 Trying to acquire locks for scrafi
03:43:01 Trying to acquire locks for scrafi
03:56:31 Trying to acquire locks for scrafi
04:10:01 Trying to acquire locks for scrafi
04:23:31 Trying to acquire locks for scrafi
04:37:01 Trying to acquire locks for scrafi
04:50:31 Trying to acquire locks for scrafi
05:04:01 Trying to acquire locks for scrafi
05:17:31 Trying to acquire locks for scrafi
05:31:02 Trying to acquire locks for scrafi
05:44:32 Trying to acquire locks for scrafi
05:58:02 Trying to acquire locks for scrafi
06:11:32 Trying to acquire locks for scrafi
06:25:02 Trying to acquire locks for scrafi
06:38:32 Trying to acquire locks for scrafi
06:52:02 Trying to acquire locks for scrafi
07:05:32 Trying to acquire locks for scrafi
07:19:02 Trying to acquire locks for scrafi
07:32:32 Trying to acquire locks for scrafi
07:46:03 Trying to acquire locks for scrafi
07:59:33 Trying to acquire locks for scrafi
08:12:56 scrafi: 3a60a833-6430-40d9-a7f4-72d865816540
Mon 15 Nov - 08:12:57 | RQ ### notify_client("5e24f759-0e30-4721-94f2-f286379a4cf0") 

08:12:57 scrafi: Job OK (3a60a833-6430-40d9-a7f4-72d865816540)
08:12:57 Result is kept for 500 seconds
08:12:57 Trying to acquire locks for scrafi
08:14:02 scrafi: 3d896880-c956-4fd3-8659-521e3a383969
Mon 15 Nov - 08:14:02 | RQ ### notify_client("334a422c-3728-48de-90be-c9571b1f5a9e") 

08:14:02 scrafi: Job OK (3d896880-c956-4fd3-8659-521e3a383969)
08:14:02 Result is kept for 500 seconds
08:14:55 scrafi: b510dd1e-4b49-48d9-97d5-d22c67ab2627
Mon 15 Nov - 08:14:55 | RQ ### notify_client("490afde1-38f2-4a84-a6fa-2c4fdd7b6f40") 

08:14:55 scrafi: Job OK (b510dd1e-4b49-48d9-97d5-d22c67ab2627)
08:14:55 Result is kept for 500 seconds
08:15:36 scrafi: 57c6cef5-3ab9-4737-87e3-8832494d89a7
Mon 15 Nov - 08:15:36 | RQ ### notify_client("d8a957d4-ecaf-4482-ae8d-079011fa94a9") 

08:15:36 scrafi: Job OK (57c6cef5-3ab9-4737-87e3-8832494d89a7)
08:15:36 Result is kept for 500 seconds
08:16:46 scrafi: 3bda4dd7-ca41-4bf7-9fbe-44b06c13d208
Mon 15 Nov - 08:16:47 | RQ ### notify_client("f3540742-5f0b-438e-8a44-d50bce0ccbbb") 

08:16:47 scrafi: Job OK (3bda4dd7-ca41-4bf7-9fbe-44b06c13d208)
08:16:47 Result is kept for 500 seconds
08:17:24 scrafi: 23f841e5-28be-4321-8618-c6dffcc5568f
Mon 15 Nov - 08:17:24 | RQ ### notify_client("62db2cf6-00cf-4153-b091-4db4fa78ab56") 

08:17:24 scrafi: Job OK (23f841e5-28be-4321-8618-c6dffcc5568f)
08:17:24 Result is kept for 500 seconds
08:18:02 scrafi: 0aa194d7-73a3-4ef5-8004-b2973e810fdc
Mon 15 Nov - 08:18:02 | RQ ### notify_client("8842047e-7466-4dd2-a27f-233cee242b86") 

08:18:02 scrafi: Job OK (0aa194d7-73a3-4ef5-8004-b2973e810fdc)
08:18:02 Result is kept for 500 seconds
08:18:20 scrafi: c78ef0e3-1cf3-4ea2-8b71-252dd5b934ef
Mon 15 Nov - 08:18:20 | RQ ### notify_client("5666516b-96a1-452b-9dfc-93d6fe339782") 

08:18:20 scrafi: Job OK (c78ef0e3-1cf3-4ea2-8b71-252dd5b934ef)
08:18:20 Result is kept for 500 seconds
08:18:41 scrafi: 7fce0277-ea6f-4775-b1d7-12d4151fcf3e
Mon 15 Nov - 08:18:41 | RQ ### notify_client("cca5a170-27af-49a4-b7f2-d11181fc5243") 

08:18:41 scrafi: Job OK (7fce0277-ea6f-4775-b1d7-12d4151fcf3e)
08:18:41 Result is kept for 500 seconds
08:18:56 scrafi: e3cd0d6d-c8c3-4ec3-bcad-6e5bb241e121
Mon 15 Nov - 08:18:56 | RQ ### notify_client("79fda435-138d-47dc-8bd1-d0d07e2d25d1") 

08:18:56 scrafi: Job OK (e3cd0d6d-c8c3-4ec3-bcad-6e5bb241e121)
08:18:56 Result is kept for 500 seconds
08:19:24 scrafi: 0a354dfa-50ac-463e-b64b-a13e6ae6ffa6
Mon 15 Nov - 08:19:25 | RQ ### notify_client("97c18a82-1978-411a-ba6c-3e95ce241902") 

08:19:25 scrafi: Job OK (0a354dfa-50ac-463e-b64b-a13e6ae6ffa6)
08:19:25 Result is kept for 500 seconds
08:19:56 scrafi: 35b87fc4-a09b-4613-a06f-da58e454b28d
Mon 15 Nov - 08:19:57 | RQ ### Woober.connect(CIH, ********, ********, 3329473221009500, "01/11/2021")
Mon 15 Nov - 08:19:57 | HISTORY JOB: 35b87fc4-a09b-4613-a06f-da58e454b28d
Mon 15 Nov - 08:19:57 | >>> Calling woob
Mon 15 Nov - 08:19:57 | Getting the history...
Mon 15 Nov - 08:23:45 | Bank website out of service
Mon 15 Nov - 08:23:45 | [{'ERROR': "Le connecteur CIH n'est pas operationel."}]
Mon 15 Nov - 08:23:45 | Truncating 

Mon 15 Nov - 08:23:45 | ScraFi result is an error: [{'ERROR': "Le connecteur CIH n'est pas operationel."}] 

08:23:45 scrafi: Job OK (35b87fc4-a09b-4613-a06f-da58e454b28d)
08:23:45 Result is kept for 3600 seconds
08:23:45 Trying to acquire locks for scrafi
08:32:15 scrafi: 2d35704b-b672-4ad4-9ac2-a0fa5ad85c0c
Mon 15 Nov - 08:32:15 | RQ ### Woober.connect(CIH, ********, ********, 3329473221009500, "Now")
Mon 15 Nov - 08:32:15 | ACCOUNT JOB: 2d35704b-b672-4ad4-9ac2-a0fa5ad85c0c
Mon 15 Nov - 08:32:15 | >>> Calling woob
Mon 15 Nov - 08:32:15 | Getting the account...
Mon 15 Nov - 08:32:34 | Returning data
Mon 15 Nov - 08:32:34 | [{'Response': 'OK'}, [{'id': '3329473221009500', 'label': 'N° 3329473221009500'}]]
Mon 15 Nov - 08:32:34 | Truncating 

08:32:34 scrafi: Job OK (2d35704b-b672-4ad4-9ac2-a0fa5ad85c0c)
08:32:34 Result is kept for 3600 seconds
08:39:19 Trying to acquire locks for scrafi
08:39:19 Cleaning registries for queue: scrafi
08:48:13 scrafi: b919d8b5-342a-432e-8332-d3b0a5fbd1eb
Mon 15 Nov - 08:48:13 | RQ ### Woober.connect(CIH, ********, ********, 3329473221009500, "01/11/2021")
Mon 15 Nov - 08:48:13 | HISTORY JOB: b919d8b5-342a-432e-8332-d3b0a5fbd1eb
Mon 15 Nov - 08:48:13 | >>> Calling woob
Mon 15 Nov - 08:48:13 | Getting the history...
Mon 15 Nov - 08:48:43 | No history available
Mon 15 Nov - 08:48:43 | [{'ERROR': "Aucun historique n'est disponible depuis le 01/11/2021."}]
Mon 15 Nov - 08:48:43 | Truncating 

Mon 15 Nov - 08:48:43 | ScraFi result is an error: [{'ERROR': "Aucun historique n'est disponible depuis le 01/11/2021."}] 

08:48:43 scrafi: Job OK (b919d8b5-342a-432e-8332-d3b0a5fbd1eb)
08:48:43 Result is kept for 3600 seconds
08:49:29 scrafi: 7948a693-5303-4ec7-a8b6-ad394f018b5e
Mon 15 Nov - 08:49:29 | RQ ### Woober.connect(CIH, ********, ********, no_id, "Now")
Mon 15 Nov - 08:49:29 | ACCOUNTS JOB: 7948a693-5303-4ec7-a8b6-ad394f018b5e
Mon 15 Nov - 08:49:29 | >>> Calling woob
Mon 15 Nov - 08:49:30 | Getting the accounts...
Mon 15 Nov - 08:49:43 | Bank website out of service
Mon 15 Nov - 08:49:43 | [{'Response': 'Error', 'ERROR': "Le connecteur CIH n'est pas operationel."}]
Mon 15 Nov - 08:49:43 | Truncating 

Mon 15 Nov - 08:49:43 | ScraFi result is an error: [{'Response': 'Error', 'ERROR': "Le connecteur CIH n'est pas operationel."}] 

08:49:43 scrafi: Job OK (7948a693-5303-4ec7-a8b6-ad394f018b5e)
08:49:43 Result is kept for 3600 seconds
08:49:43 Trying to acquire locks for scrafi
08:50:08 scrafi: a958caca-ba31-4a6d-adda-cd41f7026dfd
Mon 15 Nov - 08:50:09 | RQ ### Woober.connect(CIH, ********, ********, no_id, "Now")
Mon 15 Nov - 08:50:09 | ACCOUNTS JOB: a958caca-ba31-4a6d-adda-cd41f7026dfd
Mon 15 Nov - 08:50:09 | >>> Calling woob
Mon 15 Nov - 08:50:09 | Getting the accounts...
Mon 15 Nov - 08:50:22 | Bank website out of service
Mon 15 Nov - 08:50:22 | [{'Response': 'Error', 'ERROR': "Le connecteur CIH n'est pas operationel."}]
Mon 15 Nov - 08:50:22 | Truncating 

Mon 15 Nov - 08:50:22 | ScraFi result is an error: [{'Response': 'Error', 'ERROR': "Le connecteur CIH n'est pas operationel."}] 

08:50:22 scrafi: Job OK (a958caca-ba31-4a6d-adda-cd41f7026dfd)
08:50:22 Result is kept for 3600 seconds
09:03:52 Trying to acquire locks for scrafi
09:03:52 Cleaning registries for queue: scrafi
09:17:22 Trying to acquire locks for scrafi
09:30:52 Trying to acquire locks for scrafi
09:30:52 Cleaning registries for queue: scrafi
09:44:22 Trying to acquire locks for scrafi
09:57:53 Trying to acquire locks for scrafi
09:57:53 Cleaning registries for queue: scrafi
