Wed 27 Dec - 10:48:39 | 
     Job ID : 1
     Path : GET  /hello
     Headers : {'Content-Length': '', 'Content-Type': 'text/plain', 'User-Agent': 'PostmanRuntime/7.36.0', 'Accept': '*/*', 'Postman-Token': 'e23dd9a4-1463-43db-89ec-d903b0dafb0b', 'Host': 'localhost:8000', 'Accept-Encoding': 'gzip, deflate, br', 'Connection': 'keep-alive'}
     Remote address : 127.0.0.1

Wed 27 Dec - 11:08:23 | 
     Job ID : 1
     Path : GET  /hello
     Headers : {'Content-Length': '', 'Content-Type': 'text/plain', 'User-Agent': 'PostmanRuntime/7.36.0', 'Accept': '*/*', 'Postman-Token': '7a9f777a-3c3c-4366-b3d7-6f3557e0ecef', 'Host': 'localhost:8000', 'Accept-Encoding': 'gzip, deflate, br', 'Connection': 'keep-alive'}
     Remote address : 127.0.0.1

Wed 27 Dec - 11:13:47 | 
     Job ID : 1
     Path : GET  /hello
     Headers : {'Content-Length': '', 'Content-Type': 'text/plain', 'User-Agent': 'PostmanRuntime/7.36.0', 'Accept': '*/*', 'Postman-Token': '69267d71-553c-43a4-9a16-72aaf927ad10', 'Host': 'localhost:8000', 'Accept-Encoding': 'gzip, deflate, br', 'Connection': 'keep-alive'}
     Remote address : 127.0.0.1

Wed 27 Dec - 11:43:15 | 
     Path : POST  /bank/Create/cih
     Headers : {'Content-Length': '0', 'Content-Type': 'text/plain', 'User-Agent': 'PostmanRuntime/7.36.0', 'Accept': '*/*', 'Postman-Token': 'd27018eb-8568-4461-811a-954c82101c5c', 'Host': 'localhost:8000', 'Accept-Encoding': 'gzip, deflate, br', 'Connection': 'keep-alive'}
     Remote address : 127.0.0.1

Wed 27 Dec - 11:44:04 | 
     Path : POST  /bank/Create/cih
     Headers : {'Content-Length': '0', 'Content-Type': 'text/plain', 'User-Agent': 'PostmanRuntime/7.36.0', 'Accept': '*/*', 'Postman-Token': '17f7b8a1-bedd-4f65-a394-bbcd1e6ccf95', 'Host': 'localhost:8000', 'Accept-Encoding': 'gzip, deflate, br', 'Connection': 'keep-alive'}
     Remote address : 127.0.0.1

Wed 27 Dec - 11:46:02 | 
     Path : POST  /bank/Create/cih
     Headers : {'Content-Length': '0', 'Content-Type': 'text/plain', 'User-Agent': 'PostmanRuntime/7.36.0', 'Accept': '*/*', 'Postman-Token': 'b31197d5-a23f-45b0-8e3f-aa11c9bd4608', 'Host': 'localhost:8000', 'Accept-Encoding': 'gzip, deflate, br', 'Connection': 'keep-alive'}
     Remote address : 127.0.0.1

Wed 27 Dec - 11:46:19 | 
     Path : POST  /bank/Create/cih
     Headers : {'Content-Length': '0', 'Content-Type': 'text/plain', 'User-Agent': 'PostmanRuntime/7.36.0', 'Accept': '*/*', 'Postman-Token': '7dd28604-219f-4269-be85-b43d4a586b88', 'Host': 'localhost:8000', 'Accept-Encoding': 'gzip, deflate, br', 'Connection': 'keep-alive'}
     Remote address : 127.0.0.1

Wed 27 Dec - 11:46:21 | 
     Path : POST  /bank/Create/cih
     Headers : {'Content-Length': '0', 'Content-Type': 'text/plain', 'User-Agent': 'PostmanRuntime/7.36.0', 'Accept': '*/*', 'Postman-Token': '9b0b557d-d8f5-4dca-9c92-24eed86341f6', 'Host': 'localhost:8000', 'Accept-Encoding': 'gzip, deflate, br', 'Connection': 'keep-alive'}
     Remote address : 127.0.0.1

Wed 27 Dec - 11:49:17 | 
     Path : POST  /bank/Create/cih
     Headers : {'Content-Length': '0', 'Content-Type': 'text/plain', 'User-Agent': 'PostmanRuntime/7.36.0', 'Accept': '*/*', 'Postman-Token': '605b97bc-9394-41fa-9c95-57234ff4eae7', 'Host': 'localhost:8000', 'Accept-Encoding': 'gzip, deflate, br', 'Connection': 'keep-alive'}
     Remote address : 127.0.0.1

Wed 27 Dec - 11:50:06 | 
     Path : POST  /bank/Create/cih
     Headers : {'Content-Length': '38', 'Content-Type': 'application/x-www-form-urlencoded', 'User-Agent': 'PostmanRuntime/7.36.0', 'Accept': '*/*', 'Postman-Token': '2fa70749-930e-49a5-86f8-f87c9bb7b0fb', 'Host': 'localhost:8000', 'Accept-Encoding': 'gzip, deflate, br', 'Connection': 'keep-alive'}
     Remote address : 127.0.0.1

Wed 27 Dec - 11:50:23 | 
     Path : POST  /bank/Create/cih
     Headers : {'Content-Length': '52', 'Content-Type': 'application/x-www-form-urlencoded', 'User-Agent': 'PostmanRuntime/7.36.0', 'Accept': '*/*', 'Postman-Token': '7e639ce6-5ee5-4e00-a31a-26ffc1cf3dcd', 'Host': 'localhost:8000', 'Accept-Encoding': 'gzip, deflate, br', 'Connection': 'keep-alive'}
     Remote address : 127.0.0.1

Wed 27 Dec - 11:57:44 | 
     Path : POST  /bank/Create/cih
     Headers : {'Content-Length': '52', 'Content-Type': 'application/x-www-form-urlencoded', 'User-Agent': 'PostmanRuntime/7.36.0', 'Accept': '*/*', 'Postman-Token': '030acc54-1f30-4541-858a-3506d55e0992', 'Host': 'localhost:8000', 'Accept-Encoding': 'gzip, deflate, br', 'Connection': 'keep-alive'}
     Remote address : 127.0.0.1

Wed 27 Dec - 11:59:45 | 
     Path : POST  /bank/Create/cih
     Headers : {'Content-Length': '52', 'Content-Type': 'application/x-www-form-urlencoded', 'User-Agent': 'PostmanRuntime/7.36.0', 'Accept': '*/*', 'Postman-Token': '389f3c35-ece4-475d-b2da-c07ce91cc062', 'Host': 'localhost:8000', 'Accept-Encoding': 'gzip, deflate, br', 'Connection': 'keep-alive'}
     Remote address : 127.0.0.1

Wed 27 Dec - 14:54:05 | 
     Path : POST  /bank/Create/cih
     Headers : {'Content-Length': '52', 'Content-Type': 'application/x-www-form-urlencoded', 'User-Agent': 'PostmanRuntime/7.36.0', 'Accept': '*/*', 'Postman-Token': '9813f513-19af-46a2-9be2-783374000090', 'Host': 'localhost:8000', 'Accept-Encoding': 'gzip, deflate, br', 'Connection': 'keep-alive'}
     Remote address : 127.0.0.1

Wed 27 Dec - 15:33:01 | 
     Path : POST  /bank/Create/cih
     Headers : {'Content-Length': '52', 'Content-Type': 'application/x-www-form-urlencoded', 'User-Agent': 'PostmanRuntime/7.36.0', 'Accept': '*/*', 'Postman-Token': 'd872bd03-5f0a-43e1-8dc2-774539a12227', 'Host': 'localhost:8000', 'Accept-Encoding': 'gzip, deflate, br', 'Connection': 'keep-alive'}
     Remote address : 127.0.0.1

Wed 27 Dec - 16:01:22 | 
     Path : POST  /bank/Create/cih
     Headers : {'Content-Length': '52', 'Content-Type': 'application/x-www-form-urlencoded', 'User-Agent': 'PostmanRuntime/7.36.0', 'Accept': '*/*', 'Postman-Token': '03b25fe0-5dc5-40fe-8c5c-c646ab21eeae', 'Host': 'localhost:8000', 'Accept-Encoding': 'gzip, deflate, br', 'Connection': 'keep-alive'}
     Remote address : 127.0.0.1

Wed 27 Dec - 16:02:09 | 
     Path : POST  /bank/Create/cih
     Headers : {'Content-Length': '52', 'Content-Type': 'application/x-www-form-urlencoded', 'User-Agent': 'PostmanRuntime/7.36.0', 'Accept': '*/*', 'Postman-Token': 'eb7e1344-787c-42f7-951f-dea65d536c16', 'Host': 'localhost:8000', 'Accept-Encoding': 'gzip, deflate, br', 'Connection': 'keep-alive'}
     Remote address : 127.0.0.1

Wed 27 Dec - 16:02:56 | 
     Path : POST  /bank/Create/cih
     Headers : {'Content-Length': '52', 'Content-Type': 'application/x-www-form-urlencoded', 'User-Agent': 'PostmanRuntime/7.36.0', 'Accept': '*/*', 'Postman-Token': '5a179f1b-3df4-4162-9176-17005fdef23e', 'Host': 'localhost:8000', 'Accept-Encoding': 'gzip, deflate, br', 'Connection': 'keep-alive'}
     Remote address : 127.0.0.1

Wed 27 Dec - 16:03:50 | 
     Path : POST  /bank/Create/cih
     Headers : {'Content-Length': '52', 'Content-Type': 'application/x-www-form-urlencoded', 'User-Agent': 'PostmanRuntime/7.36.0', 'Accept': '*/*', 'Postman-Token': '138766a1-222e-47d3-860b-1abd530e0209', 'Host': 'localhost:8000', 'Accept-Encoding': 'gzip, deflate, br', 'Connection': 'keep-alive'}
     Remote address : 127.0.0.1

Wed 27 Dec - 16:07:40 | 
     Path : POST  /bank/Create/cih
     Headers : {'Content-Length': '52', 'Content-Type': 'application/x-www-form-urlencoded', 'User-Agent': 'PostmanRuntime/7.36.0', 'Accept': '*/*', 'Postman-Token': '9835a112-6569-4b21-98be-7984404b0944', 'Host': 'localhost:8000', 'Accept-Encoding': 'gzip, deflate, br', 'Connection': 'keep-alive'}
     Remote address : 127.0.0.1

Wed 27 Dec - 16:37:49 | 
     Path : POST  /bank/Create/cih
     Headers : {'Content-Length': '52', 'Content-Type': 'application/x-www-form-urlencoded', 'User-Agent': 'PostmanRuntime/7.36.0', 'Accept': '*/*', 'Postman-Token': 'ec772586-28fe-4a9c-978b-e22b96ab79b7', 'Host': 'localhost:8000', 'Accept-Encoding': 'gzip, deflate, br', 'Connection': 'keep-alive'}
     Remote address : 127.0.0.1

Wed 27 Dec - 17:04:20 | 
     Path : POST  /bank/Create/cih
     Headers : {'Content-Length': '52', 'Content-Type': 'application/x-www-form-urlencoded', 'User-Agent': 'PostmanRuntime/7.36.0', 'Accept': '*/*', 'Postman-Token': '26b4a65c-7de7-4f70-abdf-5d1d2e36304b', 'Host': 'localhost:8000', 'Accept-Encoding': 'gzip, deflate, br', 'Connection': 'keep-alive'}
     Remote address : 127.0.0.1

Wed 27 Dec - 17:08:31 | 
     Path : POST  /bank/Create/cih
     Headers : {'Content-Length': '52', 'Content-Type': 'application/x-www-form-urlencoded', 'User-Agent': 'PostmanRuntime/7.36.0', 'Accept': '*/*', 'Postman-Token': '041e7aed-3eb0-48c6-9ea4-59467538feda', 'Host': 'localhost:8000', 'Accept-Encoding': 'gzip, deflate, br', 'Connection': 'keep-alive'}
     Remote address : 127.0.0.1

Wed 27 Dec - 17:09:38 | 
     Path : POST  /bank/Create/cih
     Headers : {'Content-Length': '52', 'Content-Type': 'application/x-www-form-urlencoded', 'User-Agent': 'PostmanRuntime/7.36.0', 'Accept': '*/*', 'Postman-Token': 'e3747802-c84b-45a2-912e-ba8ea429898c', 'Host': 'localhost:8000', 'Accept-Encoding': 'gzip, deflate, br', 'Connection': 'keep-alive'}
     Remote address : 127.0.0.1

Wed 27 Dec - 17:10:05 | 
     Path : POST  /bank/Create/cih
     Headers : {'Content-Length': '52', 'Content-Type': 'application/x-www-form-urlencoded', 'User-Agent': 'PostmanRuntime/7.36.0', 'Accept': '*/*', 'Postman-Token': 'e9520df1-a58e-4856-b465-4445a936a73e', 'Host': 'localhost:8000', 'Accept-Encoding': 'gzip, deflate, br', 'Connection': 'keep-alive'}
     Remote address : 127.0.0.1

Wed 27 Dec - 17:11:02 | 
     Path : POST  /bank/Create/cih
     Headers : {'Content-Length': '52', 'Content-Type': 'application/x-www-form-urlencoded', 'User-Agent': 'PostmanRuntime/7.36.0', 'Accept': '*/*', 'Postman-Token': 'a5bb897f-4b38-4ee2-b754-8a06b716e109', 'Host': 'localhost:8000', 'Accept-Encoding': 'gzip, deflate, br', 'Connection': 'keep-alive'}
     Remote address : 127.0.0.1

Wed 27 Dec - 17:12:10 | 
     Path : POST  /bank/Create/chaabi
     Headers : {'Content-Length': '52', 'Content-Type': 'application/x-www-form-urlencoded', 'User-Agent': 'PostmanRuntime/7.36.0', 'Accept': '*/*', 'Postman-Token': '21c33572-7f68-4bf6-9fcf-ba3130c6e72b', 'Host': 'localhost:8000', 'Accept-Encoding': 'gzip, deflate, br', 'Connection': 'keep-alive'}
     Remote address : 127.0.0.1

Wed 27 Dec - 17:13:14 | 
     Path : POST  /bank/Create/cih
     Headers : {'Content-Length': '52', 'Content-Type': 'application/x-www-form-urlencoded', 'User-Agent': 'PostmanRuntime/7.36.0', 'Accept': '*/*', 'Postman-Token': '5ad3fe55-f610-4cca-9f0f-7153518c93fd', 'Host': 'localhost:8000', 'Accept-Encoding': 'gzip, deflate, br', 'Connection': 'keep-alive'}
     Remote address : 127.0.0.1

Wed 27 Dec - 17:15:19 | 
     Path : POST  /bank/Create/cih
     Headers : {'Content-Length': '52', 'Content-Type': 'application/x-www-form-urlencoded', 'User-Agent': 'PostmanRuntime/7.36.0', 'Accept': '*/*', 'Postman-Token': 'e7f51795-cdec-4c9c-99cb-dfad21aedf94', 'Host': 'localhost:8000', 'Accept-Encoding': 'gzip, deflate, br', 'Connection': 'keep-alive'}
     Remote address : 127.0.0.1

Wed 27 Dec - 17:21:04 | 
     Path : POST  /bank/Create/cih
     Headers : {'Content-Length': '52', 'Content-Type': 'application/x-www-form-urlencoded', 'User-Agent': 'PostmanRuntime/7.36.0', 'Accept': '*/*', 'Postman-Token': '4b1478e8-0126-4c9c-8453-29afcfdee15a', 'Host': 'localhost:8000', 'Accept-Encoding': 'gzip, deflate, br', 'Connection': 'keep-alive'}
     Remote address : 127.0.0.1

Wed 27 Dec - 17:21:33 | 
     Path : POST  /bank/Create/cih
     Headers : {'Content-Length': '52', 'Content-Type': 'application/x-www-form-urlencoded', 'User-Agent': 'PostmanRuntime/7.36.0', 'Accept': '*/*', 'Postman-Token': '42262fbc-590a-4402-8dc8-8ee9aece0f89', 'Host': 'localhost:8000', 'Accept-Encoding': 'gzip, deflate, br', 'Connection': 'keep-alive'}
     Remote address : 127.0.0.1

Wed 27 Dec - 17:22:27 | 
     Path : POST  /bank/Create/cih
     Headers : {'Content-Length': '52', 'Content-Type': 'application/x-www-form-urlencoded', 'User-Agent': 'PostmanRuntime/7.36.0', 'Accept': '*/*', 'Postman-Token': '34bb1717-69f4-465d-93f9-f083c5e5c3ad', 'Host': 'localhost:8000', 'Accept-Encoding': 'gzip, deflate, br', 'Connection': 'keep-alive'}
     Remote address : 127.0.0.1

Wed 27 Dec - 17:31:07 | 
     Path : POST  /bank/Create/cih
     Headers : {'Content-Length': '52', 'Content-Type': 'application/x-www-form-urlencoded', 'User-Agent': 'PostmanRuntime/7.36.0', 'Accept': '*/*', 'Postman-Token': '0dfb5a5b-59f7-4ec9-ad5c-fe81fff96a30', 'Host': 'localhost:8000', 'Accept-Encoding': 'gzip, deflate, br', 'Connection': 'keep-alive'}
     Remote address : 127.0.0.1

Fri 29 Dec - 09:49:51 | 
     Path : POST  /bank/Create/chaabi
     Headers : {'Content-Length': '55', 'Content-Type': 'application/x-www-form-urlencoded', 'User-Agent': 'PostmanRuntime/7.36.0', 'Accept': '*/*', 'Postman-Token': '224b0430-e090-402e-b884-1acc9690e486', 'Host': 'localhost:8000', 'Accept-Encoding': 'gzip, deflate, br', 'Connection': 'keep-alive'}
     Remote address : 127.0.0.1

Fri 29 Dec - 10:05:50 | 
     Path : POST  /bank/Create/chaabi
     Headers : {'Content-Length': '55', 'Content-Type': 'application/x-www-form-urlencoded', 'User-Agent': 'PostmanRuntime/7.36.0', 'Accept': '*/*', 'Postman-Token': '7e214e34-9947-4396-acfc-fcfb440b71b2', 'Host': 'localhost:8000', 'Accept-Encoding': 'gzip, deflate, br', 'Connection': 'keep-alive'}
     Remote address : 127.0.0.1

Fri 29 Dec - 10:11:23 | 
     Job ID : 8a1ae8a4-a349-4d68-952a-b98569169f6f
     Path : GET  /bankHistory/getResult
     Headers : {'Content-Length': '', 'Content-Type': 'text/plain', 'User-Agent': 'PostmanRuntime/7.36.0', 'Accept': '*/*', 'Postman-Token': 'c9c89828-f0ab-4b75-82a2-c87e20b92ffa', 'Host': 'localhost:8000', 'Accept-Encoding': 'gzip, deflate, br', 'Connection': 'keep-alive'}
     Remote address : 127.0.0.1

Fri 29 Dec - 10:11:23 | Sending Resultls
Fri 29 Dec - 10:51:12 | 
     Path : POST  /bank/Create/cih
     Headers : {'Content-Length': '59', 'Content-Type': 'application/x-www-form-urlencoded', 'User-Agent': 'PostmanRuntime/7.36.0', 'Accept': '*/*', 'Postman-Token': 'a0baed49-60a8-45ac-9365-2958c75ae01e', 'Host': 'localhost:8000', 'Accept-Encoding': 'gzip, deflate, br', 'Connection': 'keep-alive'}
     Remote address : 127.0.0.1

Fri 29 Dec - 10:53:50 | 
     Job ID : 97f233ce-ef0c-418b-a713-04a1ee1c8bca
     Path : GET  /bankHistory/getResult
     Headers : {'Content-Length': '', 'Content-Type': 'text/plain', 'User-Agent': 'PostmanRuntime/7.36.0', 'Accept': '*/*', 'Postman-Token': '73b96fb7-2681-4ee9-9203-80e9cb1b0bb5', 'Host': 'localhost:8000', 'Accept-Encoding': 'gzip, deflate, br', 'Connection': 'keep-alive'}
     Remote address : 127.0.0.1

Fri 29 Dec - 10:53:50 | Sending Resultls
Fri 29 Dec - 10:53:57 | 
     Path : POST  /bank/Create/cih
     Headers : {'Content-Length': '59', 'Content-Type': 'application/x-www-form-urlencoded', 'User-Agent': 'PostmanRuntime/7.36.0', 'Accept': '*/*', 'Postman-Token': '525e58dd-50e5-45f1-adf1-ee8fabcaafec', 'Host': 'localhost:8000', 'Accept-Encoding': 'gzip, deflate, br', 'Connection': 'keep-alive'}
     Remote address : 127.0.0.1

Fri 29 Dec - 10:54:15 | 
     Job ID : fb1e9c22-9254-4094-a974-5faa1fa0f253
     Path : GET  /bankHistory/getResult
     Headers : {'Content-Length': '', 'Content-Type': 'text/plain', 'User-Agent': 'PostmanRuntime/7.36.0', 'Accept': '*/*', 'Postman-Token': '2e9fa087-83e3-4d48-b7fb-444e05e0f435', 'Host': 'localhost:8000', 'Accept-Encoding': 'gzip, deflate, br', 'Connection': 'keep-alive'}
     Remote address : 127.0.0.1

Fri 29 Dec - 10:54:15 | Sending Resultls
Fri 29 Dec - 10:54:37 | 
     Job ID : fb1e9c22-9254-4094-a974-5faa1fa0f253
     Path : GET  /bankHistory/getResult
     Headers : {'Content-Length': '', 'Content-Type': 'text/plain', 'User-Agent': 'PostmanRuntime/7.36.0', 'Accept': '*/*', 'Postman-Token': '3e2759e5-d52c-4149-8cb6-4450af5ed1a1', 'Host': 'localhost:8000', 'Accept-Encoding': 'gzip, deflate, br', 'Connection': 'keep-alive'}
     Remote address : 127.0.0.1

Fri 29 Dec - 10:54:37 | Sending Resultls
