21847:M 15 Nov 2021 00:01:16.002 * 100 changes in 300 seconds. Saving...
21847:M 15 Nov 2021 00:01:16.003 * Background saving started by pid 61859
61859:C 15 Nov 2021 00:01:16.015 * DB saved on disk
61859:C 15 Nov 2021 00:01:16.016 * RDB: 0 MB of memory used by copy-on-write
21847:M 15 Nov 2021 00:01:16.103 * Background saving terminated with success
21847:M 15 Nov 2021 00:06:17.048 * 100 changes in 300 seconds. Saving...
21847:M 15 Nov 2021 00:06:17.049 * Background saving started by pid 61864
61864:C 15 Nov 2021 00:06:17.064 * DB saved on disk
61864:C 15 Nov 2021 00:06:17.065 * RDB: 0 MB of memory used by copy-on-write
21847:M 15 Nov 2021 00:06:17.150 * Background saving terminated with success
21847:M 15 Nov 2021 00:11:18.097 * 100 changes in 300 seconds. Saving...
21847:M 15 Nov 2021 00:11:18.097 * Background saving started by pid 61868
61868:C 15 Nov 2021 00:11:18.111 * DB saved on disk
61868:C 15 Nov 2021 00:11:18.112 * RDB: 0 MB of memory used by copy-on-write
21847:M 15 Nov 2021 00:11:18.198 * Background saving terminated with success
21847:M 15 Nov 2021 00:16:19.044 * 100 changes in 300 seconds. Saving...
21847:M 15 Nov 2021 00:16:19.045 * Background saving started by pid 61902
61902:C 15 Nov 2021 00:16:19.054 * DB saved on disk
61902:C 15 Nov 2021 00:16:19.055 * RDB: 0 MB of memory used by copy-on-write
21847:M 15 Nov 2021 00:16:19.146 * Background saving terminated with success
21847:M 15 Nov 2021 00:21:20.098 * 100 changes in 300 seconds. Saving...
21847:M 15 Nov 2021 00:21:20.099 * Background saving started by pid 62164
62164:C 15 Nov 2021 00:21:20.108 * DB saved on disk
62164:C 15 Nov 2021 00:21:20.109 * RDB: 0 MB of memory used by copy-on-write
21847:M 15 Nov 2021 00:21:20.199 * Background saving terminated with success
21847:M 15 Nov 2021 00:26:21.044 * 100 changes in 300 seconds. Saving...
21847:M 15 Nov 2021 00:26:21.044 * Background saving started by pid 62185
62185:C 15 Nov 2021 00:26:21.060 * DB saved on disk
62185:C 15 Nov 2021 00:26:21.061 * RDB: 0 MB of memory used by copy-on-write
21847:M 15 Nov 2021 00:26:21.145 * Background saving terminated with success
21847:M 15 Nov 2021 00:31:22.004 * 100 changes in 300 seconds. Saving...
21847:M 15 Nov 2021 00:31:22.004 * Background saving started by pid 62187
62187:C 15 Nov 2021 00:31:22.019 * DB saved on disk
62187:C 15 Nov 2021 00:31:22.020 * RDB: 0 MB of memory used by copy-on-write
21847:M 15 Nov 2021 00:31:22.105 * Background saving terminated with success
21847:M 15 Nov 2021 00:36:23.055 * 100 changes in 300 seconds. Saving...
21847:M 15 Nov 2021 00:36:23.056 * Background saving started by pid 62188
62188:C 15 Nov 2021 00:36:23.069 * DB saved on disk
62188:C 15 Nov 2021 00:36:23.070 * RDB: 0 MB of memory used by copy-on-write
21847:M 15 Nov 2021 00:36:23.156 * Background saving terminated with success
21847:M 15 Nov 2021 00:41:24.000 * 100 changes in 300 seconds. Saving...
21847:M 15 Nov 2021 00:41:24.001 * Background saving started by pid 62192
62192:C 15 Nov 2021 00:41:24.013 * DB saved on disk
62192:C 15 Nov 2021 00:41:24.014 * RDB: 0 MB of memory used by copy-on-write
21847:M 15 Nov 2021 00:41:24.101 * Background saving terminated with success
21847:M 15 Nov 2021 00:46:25.043 * 100 changes in 300 seconds. Saving...
21847:M 15 Nov 2021 00:46:25.043 * Background saving started by pid 62195
62195:C 15 Nov 2021 00:46:25.057 * DB saved on disk
62195:C 15 Nov 2021 00:46:25.058 * RDB: 0 MB of memory used by copy-on-write
21847:M 15 Nov 2021 00:46:25.144 * Background saving terminated with success
21847:M 15 Nov 2021 00:51:26.092 * 100 changes in 300 seconds. Saving...
21847:M 15 Nov 2021 00:51:26.093 * Background saving started by pid 62198
62198:C 15 Nov 2021 00:51:26.106 * DB saved on disk
62198:C 15 Nov 2021 00:51:26.107 * RDB: 0 MB of memory used by copy-on-write
21847:M 15 Nov 2021 00:51:26.193 * Background saving terminated with success
21847:M 15 Nov 2021 00:56:27.045 * 100 changes in 300 seconds. Saving...
21847:M 15 Nov 2021 00:56:27.046 * Background saving started by pid 62199
62199:C 15 Nov 2021 00:56:27.062 * DB saved on disk
62199:C 15 Nov 2021 00:56:27.063 * RDB: 0 MB of memory used by copy-on-write
21847:M 15 Nov 2021 00:56:27.147 * Background saving terminated with success
21847:M 15 Nov 2021 01:01:28.096 * 100 changes in 300 seconds. Saving...
21847:M 15 Nov 2021 01:01:28.096 * Background saving started by pid 62203
62203:C 15 Nov 2021 01:01:28.109 * DB saved on disk
62203:C 15 Nov 2021 01:01:28.110 * RDB: 0 MB of memory used by copy-on-write
21847:M 15 Nov 2021 01:01:28.197 * Background saving terminated with success
21847:M 15 Nov 2021 01:06:29.048 * 100 changes in 300 seconds. Saving...
21847:M 15 Nov 2021 01:06:29.049 * Background saving started by pid 62207
62207:C 15 Nov 2021 01:06:29.058 * DB saved on disk
62207:C 15 Nov 2021 01:06:29.059 * RDB: 0 MB of memory used by copy-on-write
21847:M 15 Nov 2021 01:06:29.149 * Background saving terminated with success
21847:M 15 Nov 2021 01:11:30.099 * 100 changes in 300 seconds. Saving...
21847:M 15 Nov 2021 01:11:30.099 * Background saving started by pid 62210
62210:C 15 Nov 2021 01:11:30.116 * DB saved on disk
62210:C 15 Nov 2021 01:11:30.116 * RDB: 0 MB of memory used by copy-on-write
21847:M 15 Nov 2021 01:11:30.200 * Background saving terminated with success
21847:M 15 Nov 2021 01:16:31.057 * 100 changes in 300 seconds. Saving...
21847:M 15 Nov 2021 01:16:31.057 * Background saving started by pid 62213
62213:C 15 Nov 2021 01:16:31.070 * DB saved on disk
62213:C 15 Nov 2021 01:16:31.071 * RDB: 0 MB of memory used by copy-on-write
21847:M 15 Nov 2021 01:16:31.158 * Background saving terminated with success
21847:M 15 Nov 2021 01:21:32.009 * 100 changes in 300 seconds. Saving...
21847:M 15 Nov 2021 01:21:32.010 * Background saving started by pid 62362
62362:C 15 Nov 2021 01:21:32.023 * DB saved on disk
62362:C 15 Nov 2021 01:21:32.024 * RDB: 0 MB of memory used by copy-on-write
21847:M 15 Nov 2021 01:21:32.110 * Background saving terminated with success
21847:M 15 Nov 2021 01:26:33.059 * 100 changes in 300 seconds. Saving...
21847:M 15 Nov 2021 01:26:33.059 * Background saving started by pid 62387
62387:C 15 Nov 2021 01:26:33.074 * DB saved on disk
62387:C 15 Nov 2021 01:26:33.075 * RDB: 0 MB of memory used by copy-on-write
21847:M 15 Nov 2021 01:26:33.160 * Background saving terminated with success
21847:M 15 Nov 2021 01:31:34.005 * 100 changes in 300 seconds. Saving...
21847:M 15 Nov 2021 01:31:34.006 * Background saving started by pid 62397
62397:C 15 Nov 2021 01:31:34.020 * DB saved on disk
62397:C 15 Nov 2021 01:31:34.021 * RDB: 0 MB of memory used by copy-on-write
21847:M 15 Nov 2021 01:31:34.106 * Background saving terminated with success
21847:M 15 Nov 2021 01:36:35.062 * 100 changes in 300 seconds. Saving...
21847:M 15 Nov 2021 01:36:35.063 * Background saving started by pid 62399
62399:C 15 Nov 2021 01:36:35.075 * DB saved on disk
62399:C 15 Nov 2021 01:36:35.076 * RDB: 0 MB of memory used by copy-on-write
21847:M 15 Nov 2021 01:36:35.163 * Background saving terminated with success
21847:M 15 Nov 2021 01:41:36.021 * 100 changes in 300 seconds. Saving...
21847:M 15 Nov 2021 01:41:36.021 * Background saving started by pid 62426
62426:C 15 Nov 2021 01:41:36.031 * DB saved on disk
62426:C 15 Nov 2021 01:41:36.032 * RDB: 0 MB of memory used by copy-on-write
21847:M 15 Nov 2021 01:41:36.122 * Background saving terminated with success
21847:M 15 Nov 2021 01:46:37.069 * 100 changes in 300 seconds. Saving...
21847:M 15 Nov 2021 01:46:37.070 * Background saving started by pid 62429
62429:C 15 Nov 2021 01:46:37.083 * DB saved on disk
62429:C 15 Nov 2021 01:46:37.084 * RDB: 0 MB of memory used by copy-on-write
21847:M 15 Nov 2021 01:46:37.170 * Background saving terminated with success
21847:M 15 Nov 2021 01:51:38.020 * 100 changes in 300 seconds. Saving...
21847:M 15 Nov 2021 01:51:38.020 * Background saving started by pid 62432
62432:C 15 Nov 2021 01:51:38.030 * DB saved on disk
62432:C 15 Nov 2021 01:51:38.031 * RDB: 0 MB of memory used by copy-on-write
21847:M 15 Nov 2021 01:51:38.121 * Background saving terminated with success
21847:M 15 Nov 2021 01:56:39.074 * 100 changes in 300 seconds. Saving...
21847:M 15 Nov 2021 01:56:39.075 * Background saving started by pid 62438
62438:C 15 Nov 2021 01:56:39.087 * DB saved on disk
62438:C 15 Nov 2021 01:56:39.088 * RDB: 0 MB of memory used by copy-on-write
21847:M 15 Nov 2021 01:56:39.175 * Background saving terminated with success
21847:M 15 Nov 2021 02:01:40.021 * 100 changes in 300 seconds. Saving...
21847:M 15 Nov 2021 02:01:40.022 * Background saving started by pid 62441
62441:C 15 Nov 2021 02:01:40.034 * DB saved on disk
62441:C 15 Nov 2021 02:01:40.035 * RDB: 0 MB of memory used by copy-on-write
21847:M 15 Nov 2021 02:01:40.122 * Background saving terminated with success
21847:M 15 Nov 2021 02:06:41.066 * 100 changes in 300 seconds. Saving...
21847:M 15 Nov 2021 02:06:41.067 * Background saving started by pid 62444
62444:C 15 Nov 2021 02:06:41.079 * DB saved on disk
62444:C 15 Nov 2021 02:06:41.080 * RDB: 0 MB of memory used by copy-on-write
21847:M 15 Nov 2021 02:06:41.168 * Background saving terminated with success
21847:M 15 Nov 2021 02:11:42.011 * 100 changes in 300 seconds. Saving...
21847:M 15 Nov 2021 02:11:42.011 * Background saving started by pid 62446
62446:C 15 Nov 2021 02:11:42.027 * DB saved on disk
62446:C 15 Nov 2021 02:11:42.028 * RDB: 0 MB of memory used by copy-on-write
21847:M 15 Nov 2021 02:11:42.112 * Background saving terminated with success
21847:M 15 Nov 2021 02:16:43.063 * 100 changes in 300 seconds. Saving...
21847:M 15 Nov 2021 02:16:43.063 * Background saving started by pid 62453
62453:C 15 Nov 2021 02:16:43.076 * DB saved on disk
62453:C 15 Nov 2021 02:16:43.077 * RDB: 0 MB of memory used by copy-on-write
21847:M 15 Nov 2021 02:16:43.164 * Background saving terminated with success
21847:M 15 Nov 2021 02:21:44.007 * 100 changes in 300 seconds. Saving...
21847:M 15 Nov 2021 02:21:44.008 * Background saving started by pid 62615
62615:C 15 Nov 2021 02:21:44.021 * DB saved on disk
62615:C 15 Nov 2021 02:21:44.022 * RDB: 0 MB of memory used by copy-on-write
21847:M 15 Nov 2021 02:21:44.108 * Background saving terminated with success
21847:M 15 Nov 2021 02:26:45.053 * 100 changes in 300 seconds. Saving...
21847:M 15 Nov 2021 02:26:45.054 * Background saving started by pid 62637
62637:C 15 Nov 2021 02:26:45.067 * DB saved on disk
62637:C 15 Nov 2021 02:26:45.068 * RDB: 0 MB of memory used by copy-on-write
21847:M 15 Nov 2021 02:26:45.155 * Background saving terminated with success
21847:M 15 Nov 2021 02:31:46.099 * 100 changes in 300 seconds. Saving...
21847:M 15 Nov 2021 02:31:46.100 * Background saving started by pid 62646
62646:C 15 Nov 2021 02:31:46.110 * DB saved on disk
62646:C 15 Nov 2021 02:31:46.110 * RDB: 0 MB of memory used by copy-on-write
21847:M 15 Nov 2021 02:31:46.200 * Background saving terminated with success
21847:M 15 Nov 2021 02:36:47.049 * 100 changes in 300 seconds. Saving...
21847:M 15 Nov 2021 02:36:47.050 * Background saving started by pid 62652
62652:C 15 Nov 2021 02:36:47.062 * DB saved on disk
62652:C 15 Nov 2021 02:36:47.064 * RDB: 0 MB of memory used by copy-on-write
21847:M 15 Nov 2021 02:36:47.150 * Background saving terminated with success
21847:M 15 Nov 2021 02:41:48.003 * 100 changes in 300 seconds. Saving...
21847:M 15 Nov 2021 02:41:48.004 * Background saving started by pid 62654
62654:C 15 Nov 2021 02:41:48.016 * DB saved on disk
62654:C 15 Nov 2021 02:41:48.017 * RDB: 0 MB of memory used by copy-on-write
21847:M 15 Nov 2021 02:41:48.104 * Background saving terminated with success
21847:M 15 Nov 2021 02:46:49.053 * 100 changes in 300 seconds. Saving...
21847:M 15 Nov 2021 02:46:49.054 * Background saving started by pid 62656
62656:C 15 Nov 2021 02:46:49.065 * DB saved on disk
62656:C 15 Nov 2021 02:46:49.066 * RDB: 0 MB of memory used by copy-on-write
21847:M 15 Nov 2021 02:46:49.155 * Background saving terminated with success
21847:M 15 Nov 2021 02:51:50.007 * 100 changes in 300 seconds. Saving...
21847:M 15 Nov 2021 02:51:50.007 * Background saving started by pid 62661
62661:C 15 Nov 2021 02:51:50.016 * DB saved on disk
62661:C 15 Nov 2021 02:51:50.017 * RDB: 0 MB of memory used by copy-on-write
21847:M 15 Nov 2021 02:51:50.108 * Background saving terminated with success
21847:M 15 Nov 2021 02:56:51.071 * 100 changes in 300 seconds. Saving...
21847:M 15 Nov 2021 02:56:51.071 * Background saving started by pid 62666
62666:C 15 Nov 2021 02:56:51.092 * DB saved on disk
62666:C 15 Nov 2021 02:56:51.093 * RDB: 0 MB of memory used by copy-on-write
21847:M 15 Nov 2021 02:56:51.172 * Background saving terminated with success
21847:M 15 Nov 2021 03:01:52.015 * 100 changes in 300 seconds. Saving...
21847:M 15 Nov 2021 03:01:52.016 * Background saving started by pid 62669
62669:C 15 Nov 2021 03:01:52.028 * DB saved on disk
62669:C 15 Nov 2021 03:01:52.029 * RDB: 0 MB of memory used by copy-on-write
21847:M 15 Nov 2021 03:01:52.116 * Background saving terminated with success
21847:M 15 Nov 2021 03:06:53.071 * 100 changes in 300 seconds. Saving...
21847:M 15 Nov 2021 03:06:53.072 * Background saving started by pid 62675
62675:C 15 Nov 2021 03:06:53.087 * DB saved on disk
62675:C 15 Nov 2021 03:06:53.087 * RDB: 0 MB of memory used by copy-on-write
21847:M 15 Nov 2021 03:06:53.172 * Background saving terminated with success
21847:M 15 Nov 2021 03:11:54.017 * 100 changes in 300 seconds. Saving...
21847:M 15 Nov 2021 03:11:54.018 * Background saving started by pid 62682
62682:C 15 Nov 2021 03:11:54.031 * DB saved on disk
62682:C 15 Nov 2021 03:11:54.032 * RDB: 0 MB of memory used by copy-on-write
21847:M 15 Nov 2021 03:11:54.118 * Background saving terminated with success
21847:M 15 Nov 2021 03:16:55.056 * 100 changes in 300 seconds. Saving...
21847:M 15 Nov 2021 03:16:55.056 * Background saving started by pid 62684
62684:C 15 Nov 2021 03:16:55.069 * DB saved on disk
62684:C 15 Nov 2021 03:16:55.070 * RDB: 0 MB of memory used by copy-on-write
21847:M 15 Nov 2021 03:16:55.157 * Background saving terminated with success
21847:M 15 Nov 2021 03:21:56.000 * 100 changes in 300 seconds. Saving...
21847:M 15 Nov 2021 03:21:56.001 * Background saving started by pid 62830
62830:C 15 Nov 2021 03:21:56.017 * DB saved on disk
62830:C 15 Nov 2021 03:21:56.017 * RDB: 0 MB of memory used by copy-on-write
21847:M 15 Nov 2021 03:21:56.101 * Background saving terminated with success
21847:M 15 Nov 2021 03:26:57.049 * 100 changes in 300 seconds. Saving...
21847:M 15 Nov 2021 03:26:57.050 * Background saving started by pid 62848
62848:C 15 Nov 2021 03:26:57.064 * DB saved on disk
62848:C 15 Nov 2021 03:26:57.064 * RDB: 0 MB of memory used by copy-on-write
21847:M 15 Nov 2021 03:26:57.150 * Background saving terminated with success
21847:M 15 Nov 2021 03:31:58.096 * 100 changes in 300 seconds. Saving...
21847:M 15 Nov 2021 03:31:58.096 * Background saving started by pid 62851
62851:C 15 Nov 2021 03:31:58.111 * DB saved on disk
62851:C 15 Nov 2021 03:31:58.112 * RDB: 0 MB of memory used by copy-on-write
21847:M 15 Nov 2021 03:31:58.197 * Background saving terminated with success
21847:M 15 Nov 2021 03:36:59.043 * 100 changes in 300 seconds. Saving...
21847:M 15 Nov 2021 03:36:59.043 * Background saving started by pid 62856
62856:C 15 Nov 2021 03:36:59.056 * DB saved on disk
62856:C 15 Nov 2021 03:36:59.056 * RDB: 0 MB of memory used by copy-on-write
21847:M 15 Nov 2021 03:36:59.144 * Background saving terminated with success
21847:M 15 Nov 2021 03:42:00.097 * 100 changes in 300 seconds. Saving...
21847:M 15 Nov 2021 03:42:00.097 * Background saving started by pid 62859
62859:C 15 Nov 2021 03:42:00.129 * DB saved on disk
62859:C 15 Nov 2021 03:42:00.130 * RDB: 0 MB of memory used by copy-on-write
21847:M 15 Nov 2021 03:42:00.197 * Background saving terminated with success
21847:M 15 Nov 2021 03:47:01.041 * 100 changes in 300 seconds. Saving...
21847:M 15 Nov 2021 03:47:01.041 * Background saving started by pid 62863
62863:C 15 Nov 2021 03:47:01.054 * DB saved on disk
62863:C 15 Nov 2021 03:47:01.055 * RDB: 0 MB of memory used by copy-on-write
21847:M 15 Nov 2021 03:47:01.142 * Background saving terminated with success
21847:M 15 Nov 2021 03:52:02.094 * 100 changes in 300 seconds. Saving...
21847:M 15 Nov 2021 03:52:02.095 * Background saving started by pid 62866
62866:C 15 Nov 2021 03:52:02.112 * DB saved on disk
62866:C 15 Nov 2021 03:52:02.113 * RDB: 0 MB of memory used by copy-on-write
21847:M 15 Nov 2021 03:52:02.195 * Background saving terminated with success
21847:M 15 Nov 2021 03:57:03.042 * 100 changes in 300 seconds. Saving...
21847:M 15 Nov 2021 03:57:03.043 * Background saving started by pid 62867
62867:C 15 Nov 2021 03:57:03.056 * DB saved on disk
62867:C 15 Nov 2021 03:57:03.057 * RDB: 0 MB of memory used by copy-on-write
21847:M 15 Nov 2021 03:57:03.144 * Background saving terminated with success
21847:M 15 Nov 2021 04:02:04.088 * 100 changes in 300 seconds. Saving...
21847:M 15 Nov 2021 04:02:04.089 * Background saving started by pid 62869
62869:C 15 Nov 2021 04:02:04.104 * DB saved on disk
62869:C 15 Nov 2021 04:02:04.105 * RDB: 0 MB of memory used by copy-on-write
21847:M 15 Nov 2021 04:02:04.189 * Background saving terminated with success
21847:M 15 Nov 2021 04:07:05.033 * 100 changes in 300 seconds. Saving...
21847:M 15 Nov 2021 04:07:05.034 * Background saving started by pid 62870
62870:C 15 Nov 2021 04:07:05.046 * DB saved on disk
62870:C 15 Nov 2021 04:07:05.047 * RDB: 0 MB of memory used by copy-on-write
21847:M 15 Nov 2021 04:07:05.134 * Background saving terminated with success
21847:M 15 Nov 2021 04:12:06.089 * 100 changes in 300 seconds. Saving...
21847:M 15 Nov 2021 04:12:06.090 * Background saving started by pid 62874
62874:C 15 Nov 2021 04:12:06.106 * DB saved on disk
62874:C 15 Nov 2021 04:12:06.107 * RDB: 0 MB of memory used by copy-on-write
21847:M 15 Nov 2021 04:12:06.190 * Background saving terminated with success
21847:M 15 Nov 2021 04:17:07.052 * 100 changes in 300 seconds. Saving...
21847:M 15 Nov 2021 04:17:07.053 * Background saving started by pid 62883
62883:C 15 Nov 2021 04:17:07.064 * DB saved on disk
62883:C 15 Nov 2021 04:17:07.065 * RDB: 0 MB of memory used by copy-on-write
21847:M 15 Nov 2021 04:17:07.153 * Background saving terminated with success
21847:M 15 Nov 2021 04:22:08.000 * 100 changes in 300 seconds. Saving...
21847:M 15 Nov 2021 04:22:08.001 * Background saving started by pid 63030
63030:C 15 Nov 2021 04:22:08.012 * DB saved on disk
63030:C 15 Nov 2021 04:22:08.013 * RDB: 0 MB of memory used by copy-on-write
21847:M 15 Nov 2021 04:22:08.101 * Background saving terminated with success
21847:M 15 Nov 2021 04:27:09.049 * 100 changes in 300 seconds. Saving...
21847:M 15 Nov 2021 04:27:09.050 * Background saving started by pid 63053
63053:C 15 Nov 2021 04:27:09.064 * DB saved on disk
63053:C 15 Nov 2021 04:27:09.065 * RDB: 0 MB of memory used by copy-on-write
21847:M 15 Nov 2021 04:27:09.151 * Background saving terminated with success
21847:M 15 Nov 2021 04:32:10.011 * 100 changes in 300 seconds. Saving...
21847:M 15 Nov 2021 04:32:10.012 * Background saving started by pid 63065
63065:C 15 Nov 2021 04:32:10.024 * DB saved on disk
63065:C 15 Nov 2021 04:32:10.025 * RDB: 0 MB of memory used by copy-on-write
21847:M 15 Nov 2021 04:32:10.112 * Background saving terminated with success
21847:M 15 Nov 2021 04:37:11.070 * 100 changes in 300 seconds. Saving...
21847:M 15 Nov 2021 04:37:11.071 * Background saving started by pid 63079
63079:C 15 Nov 2021 04:37:11.080 * DB saved on disk
63079:C 15 Nov 2021 04:37:11.081 * RDB: 0 MB of memory used by copy-on-write
21847:M 15 Nov 2021 04:37:11.171 * Background saving terminated with success
21847:M 15 Nov 2021 04:42:12.023 * 100 changes in 300 seconds. Saving...
21847:M 15 Nov 2021 04:42:12.024 * Background saving started by pid 63090
63090:C 15 Nov 2021 04:42:12.032 * DB saved on disk
63090:C 15 Nov 2021 04:42:12.033 * RDB: 0 MB of memory used by copy-on-write
21847:M 15 Nov 2021 04:42:12.124 * Background saving terminated with success
21847:M 15 Nov 2021 04:47:13.085 * 100 changes in 300 seconds. Saving...
21847:M 15 Nov 2021 04:47:13.086 * Background saving started by pid 63100
63100:C 15 Nov 2021 04:47:13.100 * DB saved on disk
63100:C 15 Nov 2021 04:47:13.100 * RDB: 0 MB of memory used by copy-on-write
21847:M 15 Nov 2021 04:47:13.186 * Background saving terminated with success
21847:M 15 Nov 2021 04:52:14.034 * 100 changes in 300 seconds. Saving...
21847:M 15 Nov 2021 04:52:14.035 * Background saving started by pid 63109
63109:C 15 Nov 2021 04:52:14.047 * DB saved on disk
63109:C 15 Nov 2021 04:52:14.048 * RDB: 0 MB of memory used by copy-on-write
21847:M 15 Nov 2021 04:52:14.135 * Background saving terminated with success
21847:M 15 Nov 2021 04:57:15.092 * 100 changes in 300 seconds. Saving...
21847:M 15 Nov 2021 04:57:15.093 * Background saving started by pid 63118
63118:C 15 Nov 2021 04:57:15.108 * DB saved on disk
63118:C 15 Nov 2021 04:57:15.109 * RDB: 0 MB of memory used by copy-on-write
21847:M 15 Nov 2021 04:57:15.193 * Background saving terminated with success
21847:M 15 Nov 2021 05:02:16.059 * 100 changes in 300 seconds. Saving...
21847:M 15 Nov 2021 05:02:16.059 * Background saving started by pid 63127
63127:C 15 Nov 2021 05:02:16.069 * DB saved on disk
63127:C 15 Nov 2021 05:02:16.070 * RDB: 0 MB of memory used by copy-on-write
21847:M 15 Nov 2021 05:02:16.160 * Background saving terminated with success
21847:M 15 Nov 2021 05:07:17.008 * 100 changes in 300 seconds. Saving...
21847:M 15 Nov 2021 05:07:17.009 * Background saving started by pid 63135
63135:C 15 Nov 2021 05:07:17.024 * DB saved on disk
63135:C 15 Nov 2021 05:07:17.025 * RDB: 0 MB of memory used by copy-on-write
21847:M 15 Nov 2021 05:07:17.109 * Background saving terminated with success
21847:M 15 Nov 2021 05:12:18.064 * 100 changes in 300 seconds. Saving...
21847:M 15 Nov 2021 05:12:18.065 * Background saving started by pid 63147
63147:C 15 Nov 2021 05:12:18.078 * DB saved on disk
63147:C 15 Nov 2021 05:12:18.079 * RDB: 0 MB of memory used by copy-on-write
21847:M 15 Nov 2021 05:12:18.165 * Background saving terminated with success
21847:M 15 Nov 2021 05:17:19.014 * 100 changes in 300 seconds. Saving...
21847:M 15 Nov 2021 05:17:19.014 * Background saving started by pid 63164
63164:C 15 Nov 2021 05:17:19.027 * DB saved on disk
63164:C 15 Nov 2021 05:17:19.028 * RDB: 0 MB of memory used by copy-on-write
21847:M 15 Nov 2021 05:17:19.116 * Background saving terminated with success
21847:M 15 Nov 2021 05:22:20.063 * 100 changes in 300 seconds. Saving...
21847:M 15 Nov 2021 05:22:20.064 * Background saving started by pid 63311
63311:C 15 Nov 2021 05:22:20.077 * DB saved on disk
63311:C 15 Nov 2021 05:22:20.078 * RDB: 0 MB of memory used by copy-on-write
21847:M 15 Nov 2021 05:22:20.164 * Background saving terminated with success
21847:M 15 Nov 2021 05:27:21.015 * 100 changes in 300 seconds. Saving...
21847:M 15 Nov 2021 05:27:21.015 * Background saving started by pid 63336
63336:C 15 Nov 2021 05:27:21.031 * DB saved on disk
63336:C 15 Nov 2021 05:27:21.032 * RDB: 0 MB of memory used by copy-on-write
21847:M 15 Nov 2021 05:27:21.117 * Background saving terminated with success
21847:M 15 Nov 2021 05:32:22.066 * 100 changes in 300 seconds. Saving...
21847:M 15 Nov 2021 05:32:22.067 * Background saving started by pid 63350
63350:C 15 Nov 2021 05:32:22.080 * DB saved on disk
63350:C 15 Nov 2021 05:32:22.080 * RDB: 0 MB of memory used by copy-on-write
21847:M 15 Nov 2021 05:32:22.167 * Background saving terminated with success
21847:M 15 Nov 2021 05:37:23.021 * 100 changes in 300 seconds. Saving...
21847:M 15 Nov 2021 05:37:23.022 * Background saving started by pid 63359
63359:C 15 Nov 2021 05:37:23.036 * DB saved on disk
63359:C 15 Nov 2021 05:37:23.037 * RDB: 0 MB of memory used by copy-on-write
21847:M 15 Nov 2021 05:37:23.122 * Background saving terminated with success
21847:M 15 Nov 2021 05:42:24.076 * 100 changes in 300 seconds. Saving...
21847:M 15 Nov 2021 05:42:24.076 * Background saving started by pid 63365
63365:C 15 Nov 2021 05:42:24.086 * DB saved on disk
63365:C 15 Nov 2021 05:42:24.087 * RDB: 0 MB of memory used by copy-on-write
21847:M 15 Nov 2021 05:42:24.176 * Background saving terminated with success
21847:M 15 Nov 2021 05:47:25.028 * 100 changes in 300 seconds. Saving...
21847:M 15 Nov 2021 05:47:25.028 * Background saving started by pid 63373
63373:C 15 Nov 2021 05:47:25.041 * DB saved on disk
63373:C 15 Nov 2021 05:47:25.042 * RDB: 0 MB of memory used by copy-on-write
21847:M 15 Nov 2021 05:47:25.129 * Background saving terminated with success
21847:M 15 Nov 2021 05:52:26.077 * 100 changes in 300 seconds. Saving...
21847:M 15 Nov 2021 05:52:26.078 * Background saving started by pid 63378
63378:C 15 Nov 2021 05:52:26.093 * DB saved on disk
63378:C 15 Nov 2021 05:52:26.094 * RDB: 0 MB of memory used by copy-on-write
21847:M 15 Nov 2021 05:52:26.178 * Background saving terminated with success
21847:M 15 Nov 2021 05:57:27.034 * 100 changes in 300 seconds. Saving...
21847:M 15 Nov 2021 05:57:27.034 * Background saving started by pid 63380
63380:C 15 Nov 2021 05:57:27.046 * DB saved on disk
63380:C 15 Nov 2021 05:57:27.047 * RDB: 0 MB of memory used by copy-on-write
21847:M 15 Nov 2021 05:57:27.135 * Background saving terminated with success
21847:M 15 Nov 2021 06:02:28.079 * 100 changes in 300 seconds. Saving...
21847:M 15 Nov 2021 06:02:28.080 * Background saving started by pid 63381
63381:C 15 Nov 2021 06:02:28.100 * DB saved on disk
63381:C 15 Nov 2021 06:02:28.101 * RDB: 0 MB of memory used by copy-on-write
21847:M 15 Nov 2021 06:02:28.180 * Background saving terminated with success
21847:M 15 Nov 2021 06:07:29.033 * 100 changes in 300 seconds. Saving...
21847:M 15 Nov 2021 06:07:29.034 * Background saving started by pid 63386
63386:C 15 Nov 2021 06:07:29.043 * DB saved on disk
63386:C 15 Nov 2021 06:07:29.044 * RDB: 0 MB of memory used by copy-on-write
21847:M 15 Nov 2021 06:07:29.134 * Background saving terminated with success
21847:M 15 Nov 2021 06:12:30.082 * 100 changes in 300 seconds. Saving...
21847:M 15 Nov 2021 06:12:30.082 * Background saving started by pid 63416
63416:C 15 Nov 2021 06:12:30.095 * DB saved on disk
63416:C 15 Nov 2021 06:12:30.096 * RDB: 0 MB of memory used by copy-on-write
21847:M 15 Nov 2021 06:12:30.183 * Background saving terminated with success
21847:M 15 Nov 2021 06:17:31.026 * 100 changes in 300 seconds. Saving...
21847:M 15 Nov 2021 06:17:31.027 * Background saving started by pid 63426
63426:C 15 Nov 2021 06:17:31.039 * DB saved on disk
63426:C 15 Nov 2021 06:17:31.040 * RDB: 0 MB of memory used by copy-on-write
21847:M 15 Nov 2021 06:17:31.127 * Background saving terminated with success
21847:M 15 Nov 2021 06:22:32.083 * 100 changes in 300 seconds. Saving...
21847:M 15 Nov 2021 06:22:32.084 * Background saving started by pid 63568
63568:C 15 Nov 2021 06:22:32.096 * DB saved on disk
63568:C 15 Nov 2021 06:22:32.097 * RDB: 0 MB of memory used by copy-on-write
21847:M 15 Nov 2021 06:22:32.184 * Background saving terminated with success
21847:M 15 Nov 2021 06:27:33.057 * 100 changes in 300 seconds. Saving...
21847:M 15 Nov 2021 06:27:33.058 * Background saving started by pid 63599
63599:C 15 Nov 2021 06:27:33.071 * DB saved on disk
63599:C 15 Nov 2021 06:27:33.071 * RDB: 0 MB of memory used by copy-on-write
21847:M 15 Nov 2021 06:27:33.158 * Background saving terminated with success
21847:M 15 Nov 2021 06:32:34.013 * 100 changes in 300 seconds. Saving...
21847:M 15 Nov 2021 06:32:34.014 * Background saving started by pid 63831
63831:C 15 Nov 2021 06:32:34.029 * DB saved on disk
63831:C 15 Nov 2021 06:32:34.030 * RDB: 0 MB of memory used by copy-on-write
21847:M 15 Nov 2021 06:32:34.115 * Background saving terminated with success
21847:M 15 Nov 2021 06:37:35.061 * 100 changes in 300 seconds. Saving...
21847:M 15 Nov 2021 06:37:35.062 * Background saving started by pid 63860
63860:C 15 Nov 2021 06:37:35.076 * DB saved on disk
63860:C 15 Nov 2021 06:37:35.077 * RDB: 0 MB of memory used by copy-on-write
21847:M 15 Nov 2021 06:37:35.162 * Background saving terminated with success
21847:M 15 Nov 2021 06:42:36.018 * 100 changes in 300 seconds. Saving...
21847:M 15 Nov 2021 06:42:36.019 * Background saving started by pid 64007
64007:C 15 Nov 2021 06:42:36.029 * DB saved on disk
64007:C 15 Nov 2021 06:42:36.030 * RDB: 0 MB of memory used by copy-on-write
21847:M 15 Nov 2021 06:42:36.120 * Background saving terminated with success
21847:M 15 Nov 2021 06:47:37.066 * 100 changes in 300 seconds. Saving...
21847:M 15 Nov 2021 06:47:37.067 * Background saving started by pid 64670
64670:C 15 Nov 2021 06:47:37.082 * DB saved on disk
64670:C 15 Nov 2021 06:47:37.083 * RDB: 0 MB of memory used by copy-on-write
21847:M 15 Nov 2021 06:47:37.167 * Background saving terminated with success
21847:M 15 Nov 2021 06:52:38.015 * 100 changes in 300 seconds. Saving...
21847:M 15 Nov 2021 06:52:38.016 * Background saving started by pid 64689
64689:C 15 Nov 2021 06:52:38.031 * DB saved on disk
64689:C 15 Nov 2021 06:52:38.031 * RDB: 0 MB of memory used by copy-on-write
21847:M 15 Nov 2021 06:52:38.116 * Background saving terminated with success
21847:M 15 Nov 2021 06:57:39.061 * 100 changes in 300 seconds. Saving...
21847:M 15 Nov 2021 06:57:39.062 * Background saving started by pid 64781
64781:C 15 Nov 2021 06:57:39.077 * DB saved on disk
64781:C 15 Nov 2021 06:57:39.078 * RDB: 0 MB of memory used by copy-on-write
21847:M 15 Nov 2021 06:57:39.163 * Background saving terminated with success
21847:M 15 Nov 2021 07:02:40.006 * 100 changes in 300 seconds. Saving...
21847:M 15 Nov 2021 07:02:40.006 * Background saving started by pid 64801
64801:C 15 Nov 2021 07:02:40.018 * DB saved on disk
64801:C 15 Nov 2021 07:02:40.019 * RDB: 0 MB of memory used by copy-on-write
21847:M 15 Nov 2021 07:02:40.107 * Background saving terminated with success
21847:M 15 Nov 2021 07:07:41.051 * 100 changes in 300 seconds. Saving...
21847:M 15 Nov 2021 07:07:41.051 * Background saving started by pid 64810
64810:C 15 Nov 2021 07:07:41.066 * DB saved on disk
64810:C 15 Nov 2021 07:07:41.067 * RDB: 0 MB of memory used by copy-on-write
21847:M 15 Nov 2021 07:07:41.152 * Background saving terminated with success
21847:M 15 Nov 2021 07:12:42.004 * 100 changes in 300 seconds. Saving...
21847:M 15 Nov 2021 07:12:42.004 * Background saving started by pid 64822
64822:C 15 Nov 2021 07:12:42.017 * DB saved on disk
64822:C 15 Nov 2021 07:12:42.019 * RDB: 0 MB of memory used by copy-on-write
21847:M 15 Nov 2021 07:12:42.105 * Background saving terminated with success
21847:M 15 Nov 2021 07:17:43.047 * 100 changes in 300 seconds. Saving...
21847:M 15 Nov 2021 07:17:43.048 * Background saving started by pid 64858
64858:C 15 Nov 2021 07:17:43.063 * DB saved on disk
64858:C 15 Nov 2021 07:17:43.063 * RDB: 0 MB of memory used by copy-on-write
21847:M 15 Nov 2021 07:17:43.148 * Background saving terminated with success
21847:M 15 Nov 2021 07:22:44.005 * 100 changes in 300 seconds. Saving...
21847:M 15 Nov 2021 07:22:44.006 * Background saving started by pid 64999
64999:C 15 Nov 2021 07:22:44.018 * DB saved on disk
64999:C 15 Nov 2021 07:22:44.019 * RDB: 0 MB of memory used by copy-on-write
21847:M 15 Nov 2021 07:22:44.106 * Background saving terminated with success
21847:M 15 Nov 2021 07:27:45.063 * 100 changes in 300 seconds. Saving...
21847:M 15 Nov 2021 07:27:45.063 * Background saving started by pid 65019
65019:C 15 Nov 2021 07:27:45.078 * DB saved on disk
65019:C 15 Nov 2021 07:27:45.079 * RDB: 0 MB of memory used by copy-on-write
21847:M 15 Nov 2021 07:27:45.163 * Background saving terminated with success
21847:M 15 Nov 2021 07:32:46.009 * 100 changes in 300 seconds. Saving...
21847:M 15 Nov 2021 07:32:46.010 * Background saving started by pid 65022
65022:C 15 Nov 2021 07:32:46.024 * DB saved on disk
65022:C 15 Nov 2021 07:32:46.025 * RDB: 0 MB of memory used by copy-on-write
21847:M 15 Nov 2021 07:32:46.110 * Background saving terminated with success
21847:M 15 Nov 2021 07:37:47.056 * 100 changes in 300 seconds. Saving...
21847:M 15 Nov 2021 07:37:47.056 * Background saving started by pid 65025
65025:C 15 Nov 2021 07:37:47.067 * DB saved on disk
65025:C 15 Nov 2021 07:37:47.068 * RDB: 0 MB of memory used by copy-on-write
21847:M 15 Nov 2021 07:37:47.157 * Background saving terminated with success
21847:M 15 Nov 2021 07:42:48.005 * 100 changes in 300 seconds. Saving...
21847:M 15 Nov 2021 07:42:48.006 * Background saving started by pid 65028
65028:C 15 Nov 2021 07:42:48.015 * DB saved on disk
65028:C 15 Nov 2021 07:42:48.016 * RDB: 0 MB of memory used by copy-on-write
21847:M 15 Nov 2021 07:42:48.106 * Background saving terminated with success
21847:M 15 Nov 2021 07:47:49.048 * 100 changes in 300 seconds. Saving...
21847:M 15 Nov 2021 07:47:49.049 * Background saving started by pid 65032
65032:C 15 Nov 2021 07:47:49.062 * DB saved on disk
65032:C 15 Nov 2021 07:47:49.062 * RDB: 0 MB of memory used by copy-on-write
21847:M 15 Nov 2021 07:47:49.149 * Background saving terminated with success
21847:M 15 Nov 2021 07:52:50.097 * 100 changes in 300 seconds. Saving...
21847:M 15 Nov 2021 07:52:50.097 * Background saving started by pid 65035
65035:C 15 Nov 2021 07:52:50.114 * DB saved on disk
65035:C 15 Nov 2021 07:52:50.115 * RDB: 0 MB of memory used by copy-on-write
21847:M 15 Nov 2021 07:52:50.197 * Background saving terminated with success
21847:M 15 Nov 2021 07:57:51.046 * 100 changes in 300 seconds. Saving...
21847:M 15 Nov 2021 07:57:51.047 * Background saving started by pid 65038
65038:C 15 Nov 2021 07:57:51.059 * DB saved on disk
65038:C 15 Nov 2021 07:57:51.061 * RDB: 0 MB of memory used by copy-on-write
21847:M 15 Nov 2021 07:57:51.147 * Background saving terminated with success
21847:M 15 Nov 2021 08:02:52.097 * 100 changes in 300 seconds. Saving...
21847:M 15 Nov 2021 08:02:52.098 * Background saving started by pid 65039
65039:C 15 Nov 2021 08:02:52.114 * DB saved on disk
65039:C 15 Nov 2021 08:02:52.115 * RDB: 0 MB of memory used by copy-on-write
21847:M 15 Nov 2021 08:02:52.198 * Background saving terminated with success
21847:M 15 Nov 2021 08:07:53.036 * 100 changes in 300 seconds. Saving...
21847:M 15 Nov 2021 08:07:53.036 * Background saving started by pid 65426
65426:C 15 Nov 2021 08:07:53.045 * DB saved on disk
65426:C 15 Nov 2021 08:07:53.046 * RDB: 0 MB of memory used by copy-on-write
21847:M 15 Nov 2021 08:07:53.138 * Background saving terminated with success
21847:M 15 Nov 2021 08:12:54.094 * 100 changes in 300 seconds. Saving...
21847:M 15 Nov 2021 08:12:54.095 * Background saving started by pid 65762
65762:C 15 Nov 2021 08:12:54.104 * DB saved on disk
65762:C 15 Nov 2021 08:12:54.105 * RDB: 0 MB of memory used by copy-on-write
21847:M 15 Nov 2021 08:12:54.195 * Background saving terminated with success
21847:M 15 Nov 2021 08:17:55.040 * 100 changes in 300 seconds. Saving...
21847:M 15 Nov 2021 08:17:55.041 * Background saving started by pid 66805
66805:C 15 Nov 2021 08:17:55.051 * DB saved on disk
66805:C 15 Nov 2021 08:17:55.052 * RDB: 0 MB of memory used by copy-on-write
21847:M 15 Nov 2021 08:17:55.142 * Background saving terminated with success
21847:M 15 Nov 2021 08:22:56.078 * 100 changes in 300 seconds. Saving...
21847:M 15 Nov 2021 08:22:56.079 * Background saving started by pid 67882
67882:C 15 Nov 2021 08:22:56.092 * DB saved on disk
67882:C 15 Nov 2021 08:22:56.093 * RDB: 0 MB of memory used by copy-on-write
21847:M 15 Nov 2021 08:22:56.179 * Background saving terminated with success
21847:M 15 Nov 2021 08:27:57.031 * 100 changes in 300 seconds. Saving...
21847:M 15 Nov 2021 08:27:57.032 * Background saving started by pid 67926
67926:C 15 Nov 2021 08:27:57.044 * DB saved on disk
67926:C 15 Nov 2021 08:27:57.045 * RDB: 0 MB of memory used by copy-on-write
21847:M 15 Nov 2021 08:27:57.133 * Background saving terminated with success
21847:M 15 Nov 2021 08:32:58.080 * 100 changes in 300 seconds. Saving...
21847:M 15 Nov 2021 08:32:58.080 * Background saving started by pid 68214
68214:C 15 Nov 2021 08:32:58.091 * DB saved on disk
68214:C 15 Nov 2021 08:32:58.092 * RDB: 0 MB of memory used by copy-on-write
21847:M 15 Nov 2021 08:32:58.181 * Background saving terminated with success
21847:M 15 Nov 2021 08:37:59.023 * 100 changes in 300 seconds. Saving...
21847:M 15 Nov 2021 08:37:59.024 * Background saving started by pid 68220
68220:C 15 Nov 2021 08:37:59.036 * DB saved on disk
68220:C 15 Nov 2021 08:37:59.037 * RDB: 0 MB of memory used by copy-on-write
21847:M 15 Nov 2021 08:37:59.125 * Background saving terminated with success
21847:M 15 Nov 2021 08:43:00.069 * 100 changes in 300 seconds. Saving...
21847:M 15 Nov 2021 08:43:00.069 * Background saving started by pid 68223
68223:C 15 Nov 2021 08:43:00.080 * DB saved on disk
68223:C 15 Nov 2021 08:43:00.081 * RDB: 0 MB of memory used by copy-on-write
21847:M 15 Nov 2021 08:43:00.170 * Background saving terminated with success
21847:M 15 Nov 2021 08:48:01.019 * 100 changes in 300 seconds. Saving...
21847:M 15 Nov 2021 08:48:01.019 * Background saving started by pid 68319
68319:C 15 Nov 2021 08:48:01.029 * DB saved on disk
68319:C 15 Nov 2021 08:48:01.029 * RDB: 0 MB of memory used by copy-on-write
21847:M 15 Nov 2021 08:48:01.120 * Background saving terminated with success
21847:M 15 Nov 2021 08:53:02.069 * 100 changes in 300 seconds. Saving...
21847:M 15 Nov 2021 08:53:02.070 * Background saving started by pid 69067
69067:C 15 Nov 2021 08:53:02.082 * DB saved on disk
69067:C 15 Nov 2021 08:53:02.083 * RDB: 0 MB of memory used by copy-on-write
21847:M 15 Nov 2021 08:53:02.179 * Background saving terminated with success
21847:M 15 Nov 2021 08:58:03.031 * 100 changes in 300 seconds. Saving...
21847:M 15 Nov 2021 08:58:03.032 * Background saving started by pid 69075
69075:C 15 Nov 2021 08:58:03.043 * DB saved on disk
69075:C 15 Nov 2021 08:58:03.044 * RDB: 0 MB of memory used by copy-on-write
21847:M 15 Nov 2021 08:58:03.132 * Background saving terminated with success
21847:M 15 Nov 2021 09:03:04.078 * 100 changes in 300 seconds. Saving...
21847:M 15 Nov 2021 09:03:04.079 * Background saving started by pid 69077
69077:C 15 Nov 2021 09:03:04.091 * DB saved on disk
69077:C 15 Nov 2021 09:03:04.092 * RDB: 0 MB of memory used by copy-on-write
21847:M 15 Nov 2021 09:03:04.179 * Background saving terminated with success
21847:M 15 Nov 2021 09:08:05.027 * 100 changes in 300 seconds. Saving...
21847:M 15 Nov 2021 09:08:05.027 * Background saving started by pid 69083
69083:C 15 Nov 2021 09:08:05.039 * DB saved on disk
69083:C 15 Nov 2021 09:08:05.040 * RDB: 0 MB of memory used by copy-on-write
21847:M 15 Nov 2021 09:08:05.127 * Background saving terminated with success
21847:M 15 Nov 2021 09:13:06.082 * 100 changes in 300 seconds. Saving...
21847:M 15 Nov 2021 09:13:06.082 * Background saving started by pid 69087
69087:C 15 Nov 2021 09:13:06.094 * DB saved on disk
69087:C 15 Nov 2021 09:13:06.095 * RDB: 0 MB of memory used by copy-on-write
21847:M 15 Nov 2021 09:13:06.183 * Background saving terminated with success
21847:M 15 Nov 2021 09:18:07.034 * 100 changes in 300 seconds. Saving...
21847:M 15 Nov 2021 09:18:07.035 * Background saving started by pid 69234
69234:C 15 Nov 2021 09:18:07.047 * DB saved on disk
69234:C 15 Nov 2021 09:18:07.048 * RDB: 0 MB of memory used by copy-on-write
21847:M 15 Nov 2021 09:18:07.135 * Background saving terminated with success
21847:M 15 Nov 2021 09:23:08.091 * 100 changes in 300 seconds. Saving...
21847:M 15 Nov 2021 09:23:08.092 * Background saving started by pid 69259
69259:C 15 Nov 2021 09:23:08.103 * DB saved on disk
69259:C 15 Nov 2021 09:23:08.103 * RDB: 0 MB of memory used by copy-on-write
21847:M 15 Nov 2021 09:23:08.193 * Background saving terminated with success
21847:M 15 Nov 2021 09:28:09.045 * 100 changes in 300 seconds. Saving...
21847:M 15 Nov 2021 09:28:09.045 * Background saving started by pid 69264
69264:C 15 Nov 2021 09:28:09.056 * DB saved on disk
69264:C 15 Nov 2021 09:28:09.057 * RDB: 0 MB of memory used by copy-on-write
21847:M 15 Nov 2021 09:28:09.146 * Background saving terminated with success
21847:M 15 Nov 2021 09:33:10.003 * 100 changes in 300 seconds. Saving...
21847:M 15 Nov 2021 09:33:10.004 * Background saving started by pid 69267
69267:C 15 Nov 2021 09:33:10.013 * DB saved on disk
69267:C 15 Nov 2021 09:33:10.014 * RDB: 0 MB of memory used by copy-on-write
21847:M 15 Nov 2021 09:33:10.104 * Background saving terminated with success
21847:M 15 Nov 2021 09:38:11.055 * 100 changes in 300 seconds. Saving...
21847:M 15 Nov 2021 09:38:11.055 * Background saving started by pid 69271
69271:C 15 Nov 2021 09:38:11.070 * DB saved on disk
69271:C 15 Nov 2021 09:38:11.072 * RDB: 0 MB of memory used by copy-on-write
21847:M 15 Nov 2021 09:38:11.156 * Background saving terminated with success
21847:M 15 Nov 2021 09:43:12.006 * 100 changes in 300 seconds. Saving...
21847:M 15 Nov 2021 09:43:12.007 * Background saving started by pid 69274
69274:C 15 Nov 2021 09:43:12.020 * DB saved on disk
69274:C 15 Nov 2021 09:43:12.021 * RDB: 0 MB of memory used by copy-on-write
21847:M 15 Nov 2021 09:43:12.107 * Background saving terminated with success
21847:M 15 Nov 2021 09:48:13.080 * 100 changes in 300 seconds. Saving...
21847:M 15 Nov 2021 09:48:13.080 * Background saving started by pid 69279
69279:C 15 Nov 2021 09:48:13.093 * DB saved on disk
69279:C 15 Nov 2021 09:48:13.094 * RDB: 0 MB of memory used by copy-on-write
21847:M 15 Nov 2021 09:48:13.181 * Background saving terminated with success
21847:M 15 Nov 2021 09:53:14.029 * 100 changes in 300 seconds. Saving...
21847:M 15 Nov 2021 09:53:14.030 * Background saving started by pid 69286
69286:C 15 Nov 2021 09:53:14.039 * DB saved on disk
69286:C 15 Nov 2021 09:53:14.040 * RDB: 0 MB of memory used by copy-on-write
21847:M 15 Nov 2021 09:53:14.130 * Background saving terminated with success
21847:M 15 Nov 2021 09:58:15.084 * 100 changes in 300 seconds. Saving...
21847:M 15 Nov 2021 09:58:15.085 * Background saving started by pid 69292
69292:C 15 Nov 2021 09:58:15.097 * DB saved on disk
69292:C 15 Nov 2021 09:58:15.098 * RDB: 0 MB of memory used by copy-on-write
21847:M 15 Nov 2021 09:58:15.185 * Background saving terminated with success
21847:M 15 Nov 2021 10:03:16.031 * 100 changes in 300 seconds. Saving...
21847:M 15 Nov 2021 10:03:16.032 * Background saving started by pid 69296
69296:C 15 Nov 2021 10:03:16.041 * DB saved on disk
69296:C 15 Nov 2021 10:03:16.042 * RDB: 0 MB of memory used by copy-on-write
21847:M 15 Nov 2021 10:03:16.132 * Background saving terminated with success
21847:M 15 Nov 2021 10:08:17.075 * 100 changes in 300 seconds. Saving...
21847:M 15 Nov 2021 10:08:17.076 * Background saving started by pid 69316
69316:C 15 Nov 2021 10:08:17.090 * DB saved on disk
69316:C 15 Nov 2021 10:08:17.092 * RDB: 0 MB of memory used by copy-on-write
21847:M 15 Nov 2021 10:08:17.176 * Background saving terminated with success
